2019-04-02 16:06:03,737 [Worker-1: Loading available Gradle versions] INFO  o.e.b.c.i.u.g.PublishedGradleVersions - Gradle version information cache is up-to-date. Trying to read.
2019-04-02 16:06:53,657 [Worker-14: Updating Maven Dependencies] INFO  o.e.m.c.i.l.LifecycleMappingFactory - Using org.maven.ide.eclipse.wtp.WarLifecycleMapping lifecycle mapping for MavenProject: ISST2019:ISST2019:0.0.1-SNAPSHOT @ C:\Users\Victor\Documents\Programas eclipse\eclipse-jee-2019-03-R\workspace2\ISST-19-CRIS\pom.xml.
2019-04-02 16:06:53,659 [Worker-10: Building workspace] INFO  o.e.m.c.i.l.LifecycleMappingFactory - Using org.maven.ide.eclipse.wtp.WarLifecycleMapping lifecycle mapping for MavenProject: ISST2019:ISST2019:0.0.1-SNAPSHOT @ C:\Users\Victor\Documents\Programas eclipse\eclipse-jee-2019-03-R\workspace2\ISST-19-CRIS\pom.xml.
2019-04-02 16:07:01,424 [Worker-10: Building workspace] WARN  o.e.m.c.i.embedder.EclipseLogger - Using platform encoding (Cp1252 actually) to copy filtered resources, i.e. build is platform dependent!
2019-04-02 16:07:01,547 [Worker-10: Building workspace] INFO  o.e.m.c.i.embedder.EclipseLogger - skip non existing resourceDirectory C:\Users\Victor\Documents\Programas eclipse\eclipse-jee-2019-03-R\workspace2\ISST-19-CRIS\src\main\resources
2019-04-02 16:07:01,549 [Worker-10: Building workspace] WARN  o.e.m.c.i.embedder.EclipseLogger - Using platform encoding (Cp1252 actually) to copy filtered resources, i.e. build is platform dependent!
2019-04-02 16:07:01,556 [Worker-10: Building workspace] INFO  o.e.m.c.i.embedder.EclipseLogger - skip non existing resourceDirectory C:\Users\Victor\Documents\Programas eclipse\eclipse-jee-2019-03-R\workspace2\ISST-19-CRIS\src\test\resources
2019-04-02 16:07:06,688 [Worker-2: Updating Maven Dependencies] INFO  o.e.m.c.i.l.LifecycleMappingFactory - Using org.maven.ide.eclipse.wtp.WarLifecycleMapping lifecycle mapping for MavenProject: ISST2019:ISST2019:0.0.1-SNAPSHOT @ C:\Users\Victor\Documents\Programas eclipse\eclipse-jee-2019-03-R\workspace2\ISST-19-CRIS\pom.xml.
2019-04-02 16:07:08,766 [Worker-7: Building workspace] WARN  o.e.m.c.i.embedder.EclipseLogger - Using platform encoding (Cp1252 actually) to copy filtered resources, i.e. build is platform dependent!
2019-04-02 16:07:08,771 [Worker-7: Building workspace] INFO  o.e.m.c.i.embedder.EclipseLogger - skip non existing resourceDirectory C:\Users\Victor\Documents\Programas eclipse\eclipse-jee-2019-03-R\workspace2\ISST-19-CRIS\src\main\resources
2019-04-02 16:07:08,774 [Worker-7: Building workspace] WARN  o.e.m.c.i.embedder.EclipseLogger - Using platform encoding (Cp1252 actually) to copy filtered resources, i.e. build is platform dependent!
2019-04-02 16:07:08,780 [Worker-7: Building workspace] INFO  o.e.m.c.i.embedder.EclipseLogger - skip non existing resourceDirectory C:\Users\Victor\Documents\Programas eclipse\eclipse-jee-2019-03-R\workspace2\ISST-19-CRIS\src\test\resources
2019-04-02 16:07:32,902 [Worker-4: Building workspace] INFO  o.e.m.c.i.l.LifecycleMappingFactory - Using org.maven.ide.eclipse.wtp.WarLifecycleMapping lifecycle mapping for MavenProject: ISST2019:ISST2019:0.0.1-SNAPSHOT @ C:\Users\Victor\Documents\Programas eclipse\eclipse-jee-2019-03-R\workspace2\ISST-19-CRIS\pom.xml.
2019-04-02 16:07:36,949 [Worker-4: Building workspace] WARN  o.e.m.c.i.embedder.EclipseLogger - Using platform encoding (Cp1252 actually) to copy filtered resources, i.e. build is platform dependent!
2019-04-02 16:07:36,956 [Worker-4: Building workspace] INFO  o.e.m.c.i.embedder.EclipseLogger - skip non existing resourceDirectory C:\Users\Victor\Documents\Programas eclipse\eclipse-jee-2019-03-R\workspace2\ISST-19-CRIS\src\main\resources
2019-04-02 16:07:36,958 [Worker-4: Building workspace] WARN  o.e.m.c.i.embedder.EclipseLogger - Using platform encoding (Cp1252 actually) to copy filtered resources, i.e. build is platform dependent!
2019-04-02 16:07:36,968 [Worker-4: Building workspace] INFO  o.e.m.c.i.embedder.EclipseLogger - skip non existing resourceDirectory C:\Users\Victor\Documents\Programas eclipse\eclipse-jee-2019-03-R\workspace2\ISST-19-CRIS\src\test\resources
2019-04-02 16:07:37,948 [Worker-3: Updating Maven Dependencies] INFO  o.e.m.c.i.l.LifecycleMappingFactory - Using org.maven.ide.eclipse.wtp.WarLifecycleMapping lifecycle mapping for MavenProject: ISST2019:ISST2019:0.0.1-SNAPSHOT @ C:\Users\Victor\Documents\Programas eclipse\eclipse-jee-2019-03-R\workspace2\ISST-19-CRIS\pom.xml.
2019-04-02 16:07:51,428 [Worker-3: Updating Maven Dependencies] ERROR o.e.m.c.i.p.r.ProjectRegistryRefreshJob - null
java.lang.NullPointerException: null
	at org.eclipse.m2e.wtp.ProjectUtils.getRelativePath(ProjectUtils.java:56) ~[na:na]
	at org.eclipse.m2e.wtp.ProjectUtils.getBuildFolder(ProjectUtils.java:82) ~[na:na]
	at org.eclipse.m2e.wtp.ProjectUtils.getM2eclipseWtpFolder(ProjectUtils.java:73) ~[na:na]
	at org.eclipse.m2e.wtp.internal.mavenarchiver.WarMavenArchiverConfigurator.getOutputDir(WarMavenArchiverConfigurator.java:42) ~[na:na]
	at org.sonatype.m2e.mavenarchiver.internal.AbstractMavenArchiverConfigurator.mavenProjectChanged(AbstractMavenArchiverConfigurator.java:205) ~[na:na]
	at org.eclipse.m2e.wtp.mavenarchiver.AbstractWTPArchiverConfigurator.mavenProjectChanged(AbstractWTPArchiverConfigurator.java:54) ~[na:na]
	at org.eclipse.m2e.core.internal.project.ProjectConfigurationManager.mavenProjectChanged(ProjectConfigurationManager.java:1037) ~[na:na]
	at org.eclipse.m2e.core.internal.project.registry.ProjectRegistryManager.notifyProjectChangeListeners(ProjectRegistryManager.java:777) ~[na:na]
	at org.eclipse.m2e.core.internal.project.registry.ProjectRegistryManager.applyMutableProjectRegistry(ProjectRegistryManager.java:921) ~[na:na]
	at org.eclipse.m2e.core.internal.project.registry.ProjectRegistryRefreshJob$1.call(ProjectRegistryRefreshJob.java:98) ~[na:na]
	at org.eclipse.m2e.core.internal.project.registry.ProjectRegistryRefreshJob$1.call(ProjectRegistryRefreshJob.java:1) ~[na:na]
	at org.eclipse.m2e.core.internal.embedder.MavenExecutionContext.executeBare(MavenExecutionContext.java:177) ~[na:na]
	at org.eclipse.m2e.core.internal.embedder.MavenExecutionContext.execute(MavenExecutionContext.java:151) ~[na:na]
	at org.eclipse.m2e.core.internal.embedder.MavenExecutionContext.execute(MavenExecutionContext.java:99) ~[na:na]
	at org.eclipse.m2e.core.internal.embedder.MavenImpl.execute(MavenImpl.java:1336) ~[na:na]
	at org.eclipse.m2e.core.internal.project.registry.ProjectRegistryRefreshJob.run(ProjectRegistryRefreshJob.java:81) ~[na:na]
	at org.eclipse.core.internal.jobs.Worker.run(Worker.java:63) [org.eclipse.core.jobs_3.10.300.v20190215-2048.jar:na]
2019-04-02 16:07:57,255 [Worker-5: Building workspace] INFO  o.e.m.c.i.l.LifecycleMappingFactory - Using org.maven.ide.eclipse.wtp.WarLifecycleMapping lifecycle mapping for MavenProject: ISST2019:ISST2019:0.0.1-SNAPSHOT @ C:\Users\Victor\Documents\Programas eclipse\eclipse-jee-2019-03-R\workspace2\ISST-21\pom.xml.
2019-04-02 16:08:02,659 [Worker-5: Building workspace] WARN  o.e.m.c.i.embedder.EclipseLogger - Using platform encoding (Cp1252 actually) to copy filtered resources, i.e. build is platform dependent!
2019-04-02 16:08:02,670 [Worker-5: Building workspace] INFO  o.e.m.c.i.embedder.EclipseLogger - skip non existing resourceDirectory C:\Users\Victor\Documents\Programas eclipse\eclipse-jee-2019-03-R\workspace2\ISST-21\src\main\resources
2019-04-02 16:08:02,676 [Worker-5: Building workspace] WARN  o.e.m.c.i.embedder.EclipseLogger - Using platform encoding (Cp1252 actually) to copy filtered resources, i.e. build is platform dependent!
2019-04-02 16:08:02,683 [Worker-5: Building workspace] INFO  o.e.m.c.i.embedder.EclipseLogger - skip non existing resourceDirectory C:\Users\Victor\Documents\Programas eclipse\eclipse-jee-2019-03-R\workspace2\ISST-21\src\test\resources
2019-04-02 16:08:05,365 [Worker-5: Building workspace] WARN  o.e.m.c.i.embedder.EclipseLogger - Using platform encoding (Cp1252 actually) to copy filtered resources, i.e. build is platform dependent!
2019-04-02 16:08:05,374 [Worker-5: Building workspace] INFO  o.e.m.c.i.embedder.EclipseLogger - skip non existing resourceDirectory C:\Users\Victor\Documents\Programas eclipse\eclipse-jee-2019-03-R\workspace2\ISST-21\src\main\resources
2019-04-02 16:08:05,375 [Worker-5: Building workspace] WARN  o.e.m.c.i.embedder.EclipseLogger - Using platform encoding (Cp1252 actually) to copy filtered resources, i.e. build is platform dependent!
2019-04-02 16:08:05,381 [Worker-5: Building workspace] INFO  o.e.m.c.i.embedder.EclipseLogger - skip non existing resourceDirectory C:\Users\Victor\Documents\Programas eclipse\eclipse-jee-2019-03-R\workspace2\ISST-21\src\test\resources
2019-04-02 16:08:43,315 [Worker-0: Building workspace] WARN  o.e.m.c.i.embedder.EclipseLogger - Using platform encoding (Cp1252 actually) to copy filtered resources, i.e. build is platform dependent!
2019-04-02 16:08:43,338 [Worker-0: Building workspace] INFO  o.e.m.c.i.embedder.EclipseLogger - skip non existing resourceDirectory C:\Users\Victor\Documents\Programas eclipse\eclipse-jee-2019-03-R\workspace2\ISST-21\src\main\resources
2019-04-02 16:08:43,347 [Worker-0: Building workspace] WARN  o.e.m.c.i.embedder.EclipseLogger - Using platform encoding (Cp1252 actually) to copy filtered resources, i.e. build is platform dependent!
2019-04-02 16:08:43,355 [Worker-0: Building workspace] INFO  o.e.m.c.i.embedder.EclipseLogger - skip non existing resourceDirectory C:\Users\Victor\Documents\Programas eclipse\eclipse-jee-2019-03-R\workspace2\ISST-21\src\test\resources
2019-04-02 16:09:31,939 [Worker-10: Building workspace] WARN  o.e.m.c.i.embedder.EclipseLogger - Using platform encoding (Cp1252 actually) to copy filtered resources, i.e. build is platform dependent!
2019-04-02 16:09:31,945 [Worker-10: Building workspace] INFO  o.e.m.c.i.embedder.EclipseLogger - skip non existing resourceDirectory C:\Users\Victor\Documents\Programas eclipse\eclipse-jee-2019-03-R\workspace2\ISST-21\src\main\resources
2019-04-02 16:09:31,946 [Worker-10: Building workspace] WARN  o.e.m.c.i.embedder.EclipseLogger - Using platform encoding (Cp1252 actually) to copy filtered resources, i.e. build is platform dependent!
2019-04-02 16:09:31,952 [Worker-10: Building workspace] INFO  o.e.m.c.i.embedder.EclipseLogger - skip non existing resourceDirectory C:\Users\Victor\Documents\Programas eclipse\eclipse-jee-2019-03-R\workspace2\ISST-21\src\test\resources
2019-04-02 16:09:43,574 [Worker-1: Building workspace] WARN  o.e.m.c.i.embedder.EclipseLogger - Using platform encoding (Cp1252 actually) to copy filtered resources, i.e. build is platform dependent!
2019-04-02 16:09:43,603 [Worker-1: Building workspace] INFO  o.e.m.c.i.embedder.EclipseLogger - skip non existing resourceDirectory C:\Users\Victor\Documents\Programas eclipse\eclipse-jee-2019-03-R\workspace2\ISST-21\src\main\resources
2019-04-02 16:09:43,610 [Worker-1: Building workspace] WARN  o.e.m.c.i.embedder.EclipseLogger - Using platform encoding (Cp1252 actually) to copy filtered resources, i.e. build is platform dependent!
2019-04-02 16:09:43,616 [Worker-1: Building workspace] INFO  o.e.m.c.i.embedder.EclipseLogger - skip non existing resourceDirectory C:\Users\Victor\Documents\Programas eclipse\eclipse-jee-2019-03-R\workspace2\ISST-21\src\test\resources
2019-04-02 16:11:18,588 [Worker-5: Building workspace] WARN  o.e.m.c.i.embedder.EclipseLogger - Using platform encoding (Cp1252 actually) to copy filtered resources, i.e. build is platform dependent!
2019-04-02 16:11:18,596 [Worker-5: Building workspace] INFO  o.e.m.c.i.embedder.EclipseLogger - skip non existing resourceDirectory C:\Users\Victor\Documents\Programas eclipse\eclipse-jee-2019-03-R\workspace2\ISST-21\src\main\resources
2019-04-02 16:11:18,598 [Worker-5: Building workspace] WARN  o.e.m.c.i.embedder.EclipseLogger - Using platform encoding (Cp1252 actually) to copy filtered resources, i.e. build is platform dependent!
2019-04-02 16:11:18,606 [Worker-5: Building workspace] INFO  o.e.m.c.i.embedder.EclipseLogger - skip non existing resourceDirectory C:\Users\Victor\Documents\Programas eclipse\eclipse-jee-2019-03-R\workspace2\ISST-21\src\test\resources
2019-04-02 16:11:48,686 [Worker-7: Building workspace] WARN  o.e.m.c.i.embedder.EclipseLogger - Using platform encoding (Cp1252 actually) to copy filtered resources, i.e. build is platform dependent!
2019-04-02 16:11:48,709 [Worker-7: Building workspace] INFO  o.e.m.c.i.embedder.EclipseLogger - skip non existing resourceDirectory C:\Users\Victor\Documents\Programas eclipse\eclipse-jee-2019-03-R\workspace2\ISST-21\src\main\resources
2019-04-02 16:11:48,716 [Worker-7: Building workspace] WARN  o.e.m.c.i.embedder.EclipseLogger - Using platform encoding (Cp1252 actually) to copy filtered resources, i.e. build is platform dependent!
2019-04-02 16:11:48,725 [Worker-7: Building workspace] INFO  o.e.m.c.i.embedder.EclipseLogger - skip non existing resourceDirectory C:\Users\Victor\Documents\Programas eclipse\eclipse-jee-2019-03-R\workspace2\ISST-21\src\test\resources
2019-04-02 16:18:59,986 [Worker-15: Building workspace] WARN  o.e.m.c.i.embedder.EclipseLogger - Using platform encoding (Cp1252 actually) to copy filtered resources, i.e. build is platform dependent!
2019-04-02 16:18:59,997 [Worker-15: Building workspace] INFO  o.e.m.c.i.embedder.EclipseLogger - skip non existing resourceDirectory C:\Users\Victor\Documents\Programas eclipse\eclipse-jee-2019-03-R\workspace2\ISST-21\src\main\resources
2019-04-02 16:18:59,999 [Worker-15: Building workspace] WARN  o.e.m.c.i.embedder.EclipseLogger - Using platform encoding (Cp1252 actually) to copy filtered resources, i.e. build is platform dependent!
2019-04-02 16:19:00,007 [Worker-15: Building workspace] INFO  o.e.m.c.i.embedder.EclipseLogger - skip non existing resourceDirectory C:\Users\Victor\Documents\Programas eclipse\eclipse-jee-2019-03-R\workspace2\ISST-21\src\test\resources
2019-04-02 16:41:25,152 [Worker-18: Building workspace] WARN  o.e.m.c.i.embedder.EclipseLogger - Using platform encoding (Cp1252 actually) to copy filtered resources, i.e. build is platform dependent!
2019-04-02 16:41:25,162 [Worker-18: Building workspace] INFO  o.e.m.c.i.embedder.EclipseLogger - skip non existing resourceDirectory C:\Users\Victor\Documents\Programas eclipse\eclipse-jee-2019-03-R\workspace2\ISST-21\src\main\resources
2019-04-02 16:41:25,168 [Worker-18: Building workspace] WARN  o.e.m.c.i.embedder.EclipseLogger - Using platform encoding (Cp1252 actually) to copy filtered resources, i.e. build is platform dependent!
2019-04-02 16:41:25,174 [Worker-18: Building workspace] INFO  o.e.m.c.i.embedder.EclipseLogger - skip non existing resourceDirectory C:\Users\Victor\Documents\Programas eclipse\eclipse-jee-2019-03-R\workspace2\ISST-21\src\test\resources
2019-04-02 16:45:46,100 [Worker-21: Building workspace] WARN  o.e.m.c.i.embedder.EclipseLogger - Using platform encoding (Cp1252 actually) to copy filtered resources, i.e. build is platform dependent!
2019-04-02 16:45:46,116 [Worker-21: Building workspace] INFO  o.e.m.c.i.embedder.EclipseLogger - skip non existing resourceDirectory C:\Users\Victor\Documents\Programas eclipse\eclipse-jee-2019-03-R\workspace2\ISST-21\src\main\resources
2019-04-02 16:45:46,118 [Worker-21: Building workspace] WARN  o.e.m.c.i.embedder.EclipseLogger - Using platform encoding (Cp1252 actually) to copy filtered resources, i.e. build is platform dependent!
2019-04-02 16:45:46,135 [Worker-21: Building workspace] INFO  o.e.m.c.i.embedder.EclipseLogger - skip non existing resourceDirectory C:\Users\Victor\Documents\Programas eclipse\eclipse-jee-2019-03-R\workspace2\ISST-21\src\test\resources
2019-04-02 16:45:58,931 [Worker-17: Building workspace] WARN  o.e.m.c.i.embedder.EclipseLogger - Using platform encoding (Cp1252 actually) to copy filtered resources, i.e. build is platform dependent!
2019-04-02 16:45:58,967 [Worker-17: Building workspace] INFO  o.e.m.c.i.embedder.EclipseLogger - skip non existing resourceDirectory C:\Users\Victor\Documents\Programas eclipse\eclipse-jee-2019-03-R\workspace2\ISST-21\src\main\resources
2019-04-02 16:45:58,978 [Worker-17: Building workspace] WARN  o.e.m.c.i.embedder.EclipseLogger - Using platform encoding (Cp1252 actually) to copy filtered resources, i.e. build is platform dependent!
2019-04-02 16:45:58,995 [Worker-17: Building workspace] INFO  o.e.m.c.i.embedder.EclipseLogger - skip non existing resourceDirectory C:\Users\Victor\Documents\Programas eclipse\eclipse-jee-2019-03-R\workspace2\ISST-21\src\test\resources
2019-04-02 16:46:14,001 [Worker-24: Building workspace] WARN  o.e.m.c.i.embedder.EclipseLogger - Using platform encoding (Cp1252 actually) to copy filtered resources, i.e. build is platform dependent!
2019-04-02 16:46:14,018 [Worker-24: Building workspace] INFO  o.e.m.c.i.embedder.EclipseLogger - skip non existing resourceDirectory C:\Users\Victor\Documents\Programas eclipse\eclipse-jee-2019-03-R\workspace2\ISST-21\src\main\resources
2019-04-02 16:46:14,019 [Worker-24: Building workspace] WARN  o.e.m.c.i.embedder.EclipseLogger - Using platform encoding (Cp1252 actually) to copy filtered resources, i.e. build is platform dependent!
2019-04-02 16:46:14,047 [Worker-24: Building workspace] INFO  o.e.m.c.i.embedder.EclipseLogger - skip non existing resourceDirectory C:\Users\Victor\Documents\Programas eclipse\eclipse-jee-2019-03-R\workspace2\ISST-21\src\test\resources
2019-04-02 16:46:35,517 [Worker-25: Building workspace] WARN  o.e.m.c.i.embedder.EclipseLogger - Using platform encoding (Cp1252 actually) to copy filtered resources, i.e. build is platform dependent!
2019-04-02 16:46:35,542 [Worker-25: Building workspace] INFO  o.e.m.c.i.embedder.EclipseLogger - skip non existing resourceDirectory C:\Users\Victor\Documents\Programas eclipse\eclipse-jee-2019-03-R\workspace2\ISST-21\src\main\resources
2019-04-02 16:46:35,555 [Worker-25: Building workspace] WARN  o.e.m.c.i.embedder.EclipseLogger - Using platform encoding (Cp1252 actually) to copy filtered resources, i.e. build is platform dependent!
2019-04-02 16:46:35,565 [Worker-25: Building workspace] INFO  o.e.m.c.i.embedder.EclipseLogger - skip non existing resourceDirectory C:\Users\Victor\Documents\Programas eclipse\eclipse-jee-2019-03-R\workspace2\ISST-21\src\test\resources
2019-04-02 16:46:59,918 [Worker-17: Building workspace] WARN  o.e.m.c.i.embedder.EclipseLogger - Using platform encoding (Cp1252 actually) to copy filtered resources, i.e. build is platform dependent!
2019-04-02 16:46:59,950 [Worker-17: Building workspace] INFO  o.e.m.c.i.embedder.EclipseLogger - skip non existing resourceDirectory C:\Users\Victor\Documents\Programas eclipse\eclipse-jee-2019-03-R\workspace2\ISST-21\src\main\resources
2019-04-02 16:46:59,951 [Worker-17: Building workspace] WARN  o.e.m.c.i.embedder.EclipseLogger - Using platform encoding (Cp1252 actually) to copy filtered resources, i.e. build is platform dependent!
2019-04-02 16:46:59,977 [Worker-17: Building workspace] INFO  o.e.m.c.i.embedder.EclipseLogger - skip non existing resourceDirectory C:\Users\Victor\Documents\Programas eclipse\eclipse-jee-2019-03-R\workspace2\ISST-21\src\test\resources
2019-04-02 16:49:04,437 [Worker-23: Building workspace] WARN  o.e.m.c.i.embedder.EclipseLogger - Using platform encoding (Cp1252 actually) to copy filtered resources, i.e. build is platform dependent!
2019-04-02 16:49:04,463 [Worker-23: Building workspace] INFO  o.e.m.c.i.embedder.EclipseLogger - skip non existing resourceDirectory C:\Users\Victor\Documents\Programas eclipse\eclipse-jee-2019-03-R\workspace2\ISST-21\src\main\resources
2019-04-02 16:49:04,477 [Worker-23: Building workspace] WARN  o.e.m.c.i.embedder.EclipseLogger - Using platform encoding (Cp1252 actually) to copy filtered resources, i.e. build is platform dependent!
2019-04-02 16:49:04,490 [Worker-23: Building workspace] INFO  o.e.m.c.i.embedder.EclipseLogger - skip non existing resourceDirectory C:\Users\Victor\Documents\Programas eclipse\eclipse-jee-2019-03-R\workspace2\ISST-21\src\test\resources
2019-04-02 16:49:12,556 [Worker-28: Building workspace] WARN  o.e.m.c.i.embedder.EclipseLogger - Using platform encoding (Cp1252 actually) to copy filtered resources, i.e. build is platform dependent!
2019-04-02 16:49:12,571 [Worker-28: Building workspace] INFO  o.e.m.c.i.embedder.EclipseLogger - skip non existing resourceDirectory C:\Users\Victor\Documents\Programas eclipse\eclipse-jee-2019-03-R\workspace2\ISST-21\src\main\resources
2019-04-02 16:49:12,577 [Worker-28: Building workspace] WARN  o.e.m.c.i.embedder.EclipseLogger - Using platform encoding (Cp1252 actually) to copy filtered resources, i.e. build is platform dependent!
2019-04-02 16:49:12,591 [Worker-28: Building workspace] INFO  o.e.m.c.i.embedder.EclipseLogger - skip non existing resourceDirectory C:\Users\Victor\Documents\Programas eclipse\eclipse-jee-2019-03-R\workspace2\ISST-21\src\test\resources
2019-04-02 16:49:21,031 [Worker-27: Building workspace] WARN  o.e.m.c.i.embedder.EclipseLogger - Using platform encoding (Cp1252 actually) to copy filtered resources, i.e. build is platform dependent!
2019-04-02 16:49:21,055 [Worker-27: Building workspace] INFO  o.e.m.c.i.embedder.EclipseLogger - skip non existing resourceDirectory C:\Users\Victor\Documents\Programas eclipse\eclipse-jee-2019-03-R\workspace2\ISST-21\src\main\resources
2019-04-02 16:49:21,065 [Worker-27: Building workspace] WARN  o.e.m.c.i.embedder.EclipseLogger - Using platform encoding (Cp1252 actually) to copy filtered resources, i.e. build is platform dependent!
2019-04-02 16:49:21,078 [Worker-27: Building workspace] INFO  o.e.m.c.i.embedder.EclipseLogger - skip non existing resourceDirectory C:\Users\Victor\Documents\Programas eclipse\eclipse-jee-2019-03-R\workspace2\ISST-21\src\test\resources
2019-04-02 16:49:36,086 [Worker-24: Building workspace] WARN  o.e.m.c.i.embedder.EclipseLogger - Using platform encoding (Cp1252 actually) to copy filtered resources, i.e. build is platform dependent!
2019-04-02 16:49:36,103 [Worker-24: Building workspace] INFO  o.e.m.c.i.embedder.EclipseLogger - skip non existing resourceDirectory C:\Users\Victor\Documents\Programas eclipse\eclipse-jee-2019-03-R\workspace2\ISST-21\src\main\resources
2019-04-02 16:49:36,104 [Worker-24: Building workspace] WARN  o.e.m.c.i.embedder.EclipseLogger - Using platform encoding (Cp1252 actually) to copy filtered resources, i.e. build is platform dependent!
2019-04-02 16:49:36,115 [Worker-24: Building workspace] INFO  o.e.m.c.i.embedder.EclipseLogger - skip non existing resourceDirectory C:\Users\Victor\Documents\Programas eclipse\eclipse-jee-2019-03-R\workspace2\ISST-21\src\test\resources
2019-04-02 16:49:45,508 [Worker-28: Building workspace] WARN  o.e.m.c.i.embedder.EclipseLogger - Using platform encoding (Cp1252 actually) to copy filtered resources, i.e. build is platform dependent!
2019-04-02 16:49:45,523 [Worker-28: Building workspace] INFO  o.e.m.c.i.embedder.EclipseLogger - skip non existing resourceDirectory C:\Users\Victor\Documents\Programas eclipse\eclipse-jee-2019-03-R\workspace2\ISST-21\src\main\resources
2019-04-02 16:49:45,531 [Worker-28: Building workspace] WARN  o.e.m.c.i.embedder.EclipseLogger - Using platform encoding (Cp1252 actually) to copy filtered resources, i.e. build is platform dependent!
2019-04-02 16:49:45,539 [Worker-28: Building workspace] INFO  o.e.m.c.i.embedder.EclipseLogger - skip non existing resourceDirectory C:\Users\Victor\Documents\Programas eclipse\eclipse-jee-2019-03-R\workspace2\ISST-21\src\test\resources
2019-04-02 16:49:54,532 [Worker-17: Building workspace] WARN  o.e.m.c.i.embedder.EclipseLogger - Using platform encoding (Cp1252 actually) to copy filtered resources, i.e. build is platform dependent!
2019-04-02 16:49:54,547 [Worker-17: Building workspace] INFO  o.e.m.c.i.embedder.EclipseLogger - skip non existing resourceDirectory C:\Users\Victor\Documents\Programas eclipse\eclipse-jee-2019-03-R\workspace2\ISST-21\src\main\resources
2019-04-02 16:49:54,548 [Worker-17: Building workspace] WARN  o.e.m.c.i.embedder.EclipseLogger - Using platform encoding (Cp1252 actually) to copy filtered resources, i.e. build is platform dependent!
2019-04-02 16:49:54,560 [Worker-17: Building workspace] INFO  o.e.m.c.i.embedder.EclipseLogger - skip non existing resourceDirectory C:\Users\Victor\Documents\Programas eclipse\eclipse-jee-2019-03-R\workspace2\ISST-21\src\test\resources
2019-04-02 16:50:16,171 [Worker-29: Building workspace] WARN  o.e.m.c.i.embedder.EclipseLogger - Using platform encoding (Cp1252 actually) to copy filtered resources, i.e. build is platform dependent!
2019-04-02 16:50:16,214 [Worker-29: Building workspace] INFO  o.e.m.c.i.embedder.EclipseLogger - skip non existing resourceDirectory C:\Users\Victor\Documents\Programas eclipse\eclipse-jee-2019-03-R\workspace2\ISST-21\src\main\resources
2019-04-02 16:50:16,256 [Worker-29: Building workspace] WARN  o.e.m.c.i.embedder.EclipseLogger - Using platform encoding (Cp1252 actually) to copy filtered resources, i.e. build is platform dependent!
2019-04-02 16:50:16,278 [Worker-29: Building workspace] INFO  o.e.m.c.i.embedder.EclipseLogger - skip non existing resourceDirectory C:\Users\Victor\Documents\Programas eclipse\eclipse-jee-2019-03-R\workspace2\ISST-21\src\test\resources
2019-04-02 16:50:26,689 [Worker-28: Building workspace] WARN  o.e.m.c.i.embedder.EclipseLogger - Using platform encoding (Cp1252 actually) to copy filtered resources, i.e. build is platform dependent!
2019-04-02 16:50:26,695 [Worker-28: Building workspace] INFO  o.e.m.c.i.embedder.EclipseLogger - skip non existing resourceDirectory C:\Users\Victor\Documents\Programas eclipse\eclipse-jee-2019-03-R\workspace2\ISST-21\src\main\resources
2019-04-02 16:50:26,696 [Worker-28: Building workspace] WARN  o.e.m.c.i.embedder.EclipseLogger - Using platform encoding (Cp1252 actually) to copy filtered resources, i.e. build is platform dependent!
2019-04-02 16:50:26,708 [Worker-28: Building workspace] INFO  o.e.m.c.i.embedder.EclipseLogger - skip non existing resourceDirectory C:\Users\Victor\Documents\Programas eclipse\eclipse-jee-2019-03-R\workspace2\ISST-21\src\test\resources
2019-04-02 16:50:39,160 [Worker-17: Building workspace] WARN  o.e.m.c.i.embedder.EclipseLogger - Using platform encoding (Cp1252 actually) to copy filtered resources, i.e. build is platform dependent!
2019-04-02 16:50:39,199 [Worker-17: Building workspace] INFO  o.e.m.c.i.embedder.EclipseLogger - skip non existing resourceDirectory C:\Users\Victor\Documents\Programas eclipse\eclipse-jee-2019-03-R\workspace2\ISST-21\src\main\resources
2019-04-02 16:50:39,207 [Worker-17: Building workspace] WARN  o.e.m.c.i.embedder.EclipseLogger - Using platform encoding (Cp1252 actually) to copy filtered resources, i.e. build is platform dependent!
2019-04-02 16:50:39,215 [Worker-17: Building workspace] INFO  o.e.m.c.i.embedder.EclipseLogger - skip non existing resourceDirectory C:\Users\Victor\Documents\Programas eclipse\eclipse-jee-2019-03-R\workspace2\ISST-21\src\test\resources
2019-04-02 17:08:51,262 [Worker-29: Building workspace] WARN  o.e.m.c.i.embedder.EclipseLogger - Using platform encoding (Cp1252 actually) to copy filtered resources, i.e. build is platform dependent!
2019-04-02 17:08:51,275 [Worker-29: Building workspace] INFO  o.e.m.c.i.embedder.EclipseLogger - skip non existing resourceDirectory C:\Users\Victor\Documents\Programas eclipse\eclipse-jee-2019-03-R\workspace2\ISST-21\src\main\resources
2019-04-02 17:08:51,277 [Worker-29: Building workspace] WARN  o.e.m.c.i.embedder.EclipseLogger - Using platform encoding (Cp1252 actually) to copy filtered resources, i.e. build is platform dependent!
2019-04-02 17:08:51,285 [Worker-29: Building workspace] INFO  o.e.m.c.i.embedder.EclipseLogger - skip non existing resourceDirectory C:\Users\Victor\Documents\Programas eclipse\eclipse-jee-2019-03-R\workspace2\ISST-21\src\test\resources
2019-04-02 17:09:18,413 [Worker-29: Building workspace] WARN  o.e.m.c.i.embedder.EclipseLogger - Using platform encoding (Cp1252 actually) to copy filtered resources, i.e. build is platform dependent!
2019-04-02 17:09:18,464 [Worker-29: Building workspace] INFO  o.e.m.c.i.embedder.EclipseLogger - skip non existing resourceDirectory C:\Users\Victor\Documents\Programas eclipse\eclipse-jee-2019-03-R\workspace2\ISST-21\src\main\resources
2019-04-02 17:09:18,476 [Worker-29: Building workspace] WARN  o.e.m.c.i.embedder.EclipseLogger - Using platform encoding (Cp1252 actually) to copy filtered resources, i.e. build is platform dependent!
2019-04-02 17:09:18,490 [Worker-29: Building workspace] INFO  o.e.m.c.i.embedder.EclipseLogger - skip non existing resourceDirectory C:\Users\Victor\Documents\Programas eclipse\eclipse-jee-2019-03-R\workspace2\ISST-21\src\test\resources
2019-04-02 17:10:04,841 [Worker-31: Building workspace] WARN  o.e.m.c.i.embedder.EclipseLogger - Using platform encoding (Cp1252 actually) to copy filtered resources, i.e. build is platform dependent!
2019-04-02 17:10:04,865 [Worker-31: Building workspace] INFO  o.e.m.c.i.embedder.EclipseLogger - skip non existing resourceDirectory C:\Users\Victor\Documents\Programas eclipse\eclipse-jee-2019-03-R\workspace2\ISST-21\src\main\resources
2019-04-02 17:10:04,878 [Worker-31: Building workspace] WARN  o.e.m.c.i.embedder.EclipseLogger - Using platform encoding (Cp1252 actually) to copy filtered resources, i.e. build is platform dependent!
2019-04-02 17:10:04,897 [Worker-31: Building workspace] INFO  o.e.m.c.i.embedder.EclipseLogger - skip non existing resourceDirectory C:\Users\Victor\Documents\Programas eclipse\eclipse-jee-2019-03-R\workspace2\ISST-21\src\test\resources
2019-04-02 17:10:12,406 [Worker-31: Building workspace] WARN  o.e.m.c.i.embedder.EclipseLogger - Using platform encoding (Cp1252 actually) to copy filtered resources, i.e. build is platform dependent!
2019-04-02 17:10:12,428 [Worker-31: Building workspace] INFO  o.e.m.c.i.embedder.EclipseLogger - skip non existing resourceDirectory C:\Users\Victor\Documents\Programas eclipse\eclipse-jee-2019-03-R\workspace2\ISST-21\src\main\resources
2019-04-02 17:10:12,435 [Worker-31: Building workspace] WARN  o.e.m.c.i.embedder.EclipseLogger - Using platform encoding (Cp1252 actually) to copy filtered resources, i.e. build is platform dependent!
2019-04-02 17:10:12,442 [Worker-31: Building workspace] INFO  o.e.m.c.i.embedder.EclipseLogger - skip non existing resourceDirectory C:\Users\Victor\Documents\Programas eclipse\eclipse-jee-2019-03-R\workspace2\ISST-21\src\test\resources
2019-04-04 13:37:40,511 [Worker-1: Loading available Gradle versions] INFO  o.e.b.c.i.u.g.PublishedGradleVersions - Gradle version information cache is out-of-date. Trying to update.
2019-04-04 13:37:48,702 [Worker-1: Building workspace] INFO  o.e.m.c.i.l.LifecycleMappingFactory - Using org.maven.ide.eclipse.wtp.WarLifecycleMapping lifecycle mapping for MavenProject: ISST2019:ISST2019:0.0.1-SNAPSHOT @ C:\Users\Ana Díez\Desktop\Universidad\ISST\ProyectoEclipse-ISST\ISST-21\pom.xml.
2019-04-04 13:37:48,702 [Worker-9: Updating Maven Dependencies] INFO  o.e.m.c.i.l.LifecycleMappingFactory - Using org.maven.ide.eclipse.wtp.WarLifecycleMapping lifecycle mapping for MavenProject: ISST2019:ISST2019:0.0.1-SNAPSHOT @ C:\Users\Ana Díez\Desktop\Universidad\ISST\ProyectoEclipse-ISST\ISST-21\pom.xml.
2019-04-04 13:38:03,416 [Worker-1: Building workspace] WARN  o.e.m.c.i.embedder.EclipseLogger - Using platform encoding (Cp1252 actually) to copy filtered resources, i.e. build is platform dependent!
2019-04-04 13:38:03,420 [Worker-1: Building workspace] INFO  o.e.m.c.i.embedder.EclipseLogger - skip non existing resourceDirectory C:\Users\Ana Díez\Desktop\Universidad\ISST\ProyectoEclipse-ISST\ISST-21\src\main\resources
2019-04-04 13:38:03,423 [Worker-1: Building workspace] WARN  o.e.m.c.i.embedder.EclipseLogger - Using platform encoding (Cp1252 actually) to copy filtered resources, i.e. build is platform dependent!
2019-04-04 13:38:03,427 [Worker-1: Building workspace] INFO  o.e.m.c.i.embedder.EclipseLogger - skip non existing resourceDirectory C:\Users\Ana Díez\Desktop\Universidad\ISST\ProyectoEclipse-ISST\ISST-21\src\test\resources
2019-04-04 13:38:05,081 [Worker-7: Updating Maven Dependencies] INFO  o.e.m.c.i.l.LifecycleMappingFactory - Using org.maven.ide.eclipse.wtp.WarLifecycleMapping lifecycle mapping for MavenProject: ISST2019:ISST2019:0.0.1-SNAPSHOT @ C:\Users\Ana Díez\Desktop\Universidad\ISST\ProyectoEclipse-ISST\ISST-21\pom.xml.
2019-04-04 13:38:05,497 [Worker-17: Building workspace] WARN  o.e.m.c.i.embedder.EclipseLogger - Using platform encoding (Cp1252 actually) to copy filtered resources, i.e. build is platform dependent!
2019-04-04 13:38:05,505 [Worker-17: Building workspace] INFO  o.e.m.c.i.embedder.EclipseLogger - skip non existing resourceDirectory C:\Users\Ana Díez\Desktop\Universidad\ISST\ProyectoEclipse-ISST\ISST-21\src\main\resources
2019-04-04 13:38:05,508 [Worker-17: Building workspace] WARN  o.e.m.c.i.embedder.EclipseLogger - Using platform encoding (Cp1252 actually) to copy filtered resources, i.e. build is platform dependent!
2019-04-04 13:38:05,515 [Worker-17: Building workspace] INFO  o.e.m.c.i.embedder.EclipseLogger - skip non existing resourceDirectory C:\Users\Ana Díez\Desktop\Universidad\ISST\ProyectoEclipse-ISST\ISST-21\src\test\resources
2019-04-04 13:38:06,906 [Worker-12: Building workspace] WARN  o.e.m.c.i.embedder.EclipseLogger - Using platform encoding (Cp1252 actually) to copy filtered resources, i.e. build is platform dependent!
2019-04-04 13:38:06,927 [Worker-12: Building workspace] INFO  o.e.m.c.i.embedder.EclipseLogger - skip non existing resourceDirectory C:\Users\Ana Díez\Desktop\Universidad\ISST\ProyectoEclipse-ISST\ISST-21\src\main\resources
2019-04-04 13:38:06,929 [Worker-12: Building workspace] WARN  o.e.m.c.i.embedder.EclipseLogger - Using platform encoding (Cp1252 actually) to copy filtered resources, i.e. build is platform dependent!
2019-04-04 13:38:06,938 [Worker-12: Building workspace] INFO  o.e.m.c.i.embedder.EclipseLogger - skip non existing resourceDirectory C:\Users\Ana Díez\Desktop\Universidad\ISST\ProyectoEclipse-ISST\ISST-21\src\test\resources
2019-04-04 13:44:45,361 [Worker-0: Building workspace] WARN  o.e.m.c.i.embedder.EclipseLogger - Using platform encoding (Cp1252 actually) to copy filtered resources, i.e. build is platform dependent!
2019-04-04 13:44:45,369 [Worker-0: Building workspace] INFO  o.e.m.c.i.embedder.EclipseLogger - skip non existing resourceDirectory C:\Users\Ana Díez\Desktop\Universidad\ISST\ProyectoEclipse-ISST\ISST-21\src\main\resources
2019-04-04 13:44:45,371 [Worker-0: Building workspace] WARN  o.e.m.c.i.embedder.EclipseLogger - Using platform encoding (Cp1252 actually) to copy filtered resources, i.e. build is platform dependent!
2019-04-04 13:44:45,380 [Worker-0: Building workspace] INFO  o.e.m.c.i.embedder.EclipseLogger - skip non existing resourceDirectory C:\Users\Ana Díez\Desktop\Universidad\ISST\ProyectoEclipse-ISST\ISST-21\src\test\resources
2019-04-04 13:45:33,347 [Worker-12: Building workspace] WARN  o.e.m.c.i.embedder.EclipseLogger - Using platform encoding (Cp1252 actually) to copy filtered resources, i.e. build is platform dependent!
2019-04-04 13:45:33,361 [Worker-12: Building workspace] INFO  o.e.m.c.i.embedder.EclipseLogger - skip non existing resourceDirectory C:\Users\Ana Díez\Desktop\Universidad\ISST\ProyectoEclipse-ISST\ISST-21\src\main\resources
2019-04-04 13:45:33,372 [Worker-12: Building workspace] WARN  o.e.m.c.i.embedder.EclipseLogger - Using platform encoding (Cp1252 actually) to copy filtered resources, i.e. build is platform dependent!
2019-04-04 13:45:33,380 [Worker-12: Building workspace] INFO  o.e.m.c.i.embedder.EclipseLogger - skip non existing resourceDirectory C:\Users\Ana Díez\Desktop\Universidad\ISST\ProyectoEclipse-ISST\ISST-21\src\test\resources
2019-04-04 13:46:25,850 [Worker-0: Building workspace] WARN  o.e.m.c.i.embedder.EclipseLogger - Using platform encoding (Cp1252 actually) to copy filtered resources, i.e. build is platform dependent!
2019-04-04 13:46:25,855 [Worker-0: Building workspace] INFO  o.e.m.c.i.embedder.EclipseLogger - skip non existing resourceDirectory C:\Users\Ana Díez\Desktop\Universidad\ISST\ProyectoEclipse-ISST\ISST-21\src\main\resources
2019-04-04 13:46:25,857 [Worker-0: Building workspace] WARN  o.e.m.c.i.embedder.EclipseLogger - Using platform encoding (Cp1252 actually) to copy filtered resources, i.e. build is platform dependent!
2019-04-04 13:46:25,862 [Worker-0: Building workspace] INFO  o.e.m.c.i.embedder.EclipseLogger - skip non existing resourceDirectory C:\Users\Ana Díez\Desktop\Universidad\ISST\ProyectoEclipse-ISST\ISST-21\src\test\resources
2019-04-04 13:46:59,148 [Worker-0: Building workspace] WARN  o.e.m.c.i.embedder.EclipseLogger - Using platform encoding (Cp1252 actually) to copy filtered resources, i.e. build is platform dependent!
2019-04-04 13:46:59,161 [Worker-0: Building workspace] INFO  o.e.m.c.i.embedder.EclipseLogger - skip non existing resourceDirectory C:\Users\Ana Díez\Desktop\Universidad\ISST\ProyectoEclipse-ISST\ISST-21\src\main\resources
2019-04-04 13:46:59,166 [Worker-0: Building workspace] WARN  o.e.m.c.i.embedder.EclipseLogger - Using platform encoding (Cp1252 actually) to copy filtered resources, i.e. build is platform dependent!
2019-04-04 13:46:59,171 [Worker-0: Building workspace] INFO  o.e.m.c.i.embedder.EclipseLogger - skip non existing resourceDirectory C:\Users\Ana Díez\Desktop\Universidad\ISST\ProyectoEclipse-ISST\ISST-21\src\test\resources
2019-04-04 13:50:58,475 [Worker-13: Building workspace] WARN  o.e.m.c.i.embedder.EclipseLogger - Using platform encoding (Cp1252 actually) to copy filtered resources, i.e. build is platform dependent!
2019-04-04 13:50:58,491 [Worker-13: Building workspace] INFO  o.e.m.c.i.embedder.EclipseLogger - skip non existing resourceDirectory C:\Users\Ana Díez\Desktop\Universidad\ISST\ProyectoEclipse-ISST\ISST-21\src\main\resources
2019-04-04 13:50:58,493 [Worker-13: Building workspace] WARN  o.e.m.c.i.embedder.EclipseLogger - Using platform encoding (Cp1252 actually) to copy filtered resources, i.e. build is platform dependent!
2019-04-04 13:50:58,507 [Worker-13: Building workspace] INFO  o.e.m.c.i.embedder.EclipseLogger - skip non existing resourceDirectory C:\Users\Ana Díez\Desktop\Universidad\ISST\ProyectoEclipse-ISST\ISST-21\src\test\resources
2019-04-04 13:54:33,752 [Worker-27: Building workspace] WARN  o.e.m.c.i.embedder.EclipseLogger - Using platform encoding (Cp1252 actually) to copy filtered resources, i.e. build is platform dependent!
2019-04-04 13:54:33,762 [Worker-27: Building workspace] INFO  o.e.m.c.i.embedder.EclipseLogger - skip non existing resourceDirectory C:\Users\Ana Díez\Desktop\Universidad\ISST\ProyectoEclipse-ISST\ISST-21\src\main\resources
2019-04-04 13:54:33,769 [Worker-27: Building workspace] WARN  o.e.m.c.i.embedder.EclipseLogger - Using platform encoding (Cp1252 actually) to copy filtered resources, i.e. build is platform dependent!
2019-04-04 13:54:33,774 [Worker-27: Building workspace] INFO  o.e.m.c.i.embedder.EclipseLogger - skip non existing resourceDirectory C:\Users\Ana Díez\Desktop\Universidad\ISST\ProyectoEclipse-ISST\ISST-21\src\test\resources
2019-04-04 14:00:56,155 [Worker-2: Building workspace] WARN  o.e.m.c.i.embedder.EclipseLogger - Using platform encoding (Cp1252 actually) to copy filtered resources, i.e. build is platform dependent!
2019-04-04 14:00:56,163 [Worker-2: Building workspace] INFO  o.e.m.c.i.embedder.EclipseLogger - skip non existing resourceDirectory C:\Users\Ana Díez\Desktop\Universidad\ISST\ProyectoEclipse-ISST\ISST-21\src\main\resources
2019-04-04 14:00:56,164 [Worker-2: Building workspace] WARN  o.e.m.c.i.embedder.EclipseLogger - Using platform encoding (Cp1252 actually) to copy filtered resources, i.e. build is platform dependent!
2019-04-04 14:00:56,170 [Worker-2: Building workspace] INFO  o.e.m.c.i.embedder.EclipseLogger - skip non existing resourceDirectory C:\Users\Ana Díez\Desktop\Universidad\ISST\ProyectoEclipse-ISST\ISST-21\src\test\resources
2019-04-04 14:01:20,344 [Worker-30: Building workspace] WARN  o.e.m.c.i.embedder.EclipseLogger - Using platform encoding (Cp1252 actually) to copy filtered resources, i.e. build is platform dependent!
2019-04-04 14:01:20,359 [Worker-30: Building workspace] INFO  o.e.m.c.i.embedder.EclipseLogger - skip non existing resourceDirectory C:\Users\Ana Díez\Desktop\Universidad\ISST\ProyectoEclipse-ISST\ISST-21\src\main\resources
2019-04-04 14:01:20,366 [Worker-30: Building workspace] WARN  o.e.m.c.i.embedder.EclipseLogger - Using platform encoding (Cp1252 actually) to copy filtered resources, i.e. build is platform dependent!
2019-04-04 14:01:20,372 [Worker-30: Building workspace] INFO  o.e.m.c.i.embedder.EclipseLogger - skip non existing resourceDirectory C:\Users\Ana Díez\Desktop\Universidad\ISST\ProyectoEclipse-ISST\ISST-21\src\test\resources
2019-04-04 14:05:33,947 [Worker-26: Building workspace] WARN  o.e.m.c.i.embedder.EclipseLogger - Using platform encoding (Cp1252 actually) to copy filtered resources, i.e. build is platform dependent!
2019-04-04 14:05:33,965 [Worker-26: Building workspace] INFO  o.e.m.c.i.embedder.EclipseLogger - skip non existing resourceDirectory C:\Users\Ana Díez\Desktop\Universidad\ISST\ProyectoEclipse-ISST\ISST-21\src\main\resources
2019-04-04 14:05:33,968 [Worker-26: Building workspace] WARN  o.e.m.c.i.embedder.EclipseLogger - Using platform encoding (Cp1252 actually) to copy filtered resources, i.e. build is platform dependent!
2019-04-04 14:05:33,988 [Worker-26: Building workspace] INFO  o.e.m.c.i.embedder.EclipseLogger - skip non existing resourceDirectory C:\Users\Ana Díez\Desktop\Universidad\ISST\ProyectoEclipse-ISST\ISST-21\src\test\resources
2019-04-04 14:07:48,843 [Worker-26: Building workspace] WARN  o.e.m.c.i.embedder.EclipseLogger - Using platform encoding (Cp1252 actually) to copy filtered resources, i.e. build is platform dependent!
2019-04-04 14:07:48,862 [Worker-26: Building workspace] INFO  o.e.m.c.i.embedder.EclipseLogger - skip non existing resourceDirectory C:\Users\Ana Díez\Desktop\Universidad\ISST\ProyectoEclipse-ISST\ISST-21\src\main\resources
2019-04-04 14:07:48,871 [Worker-26: Building workspace] WARN  o.e.m.c.i.embedder.EclipseLogger - Using platform encoding (Cp1252 actually) to copy filtered resources, i.e. build is platform dependent!
2019-04-04 14:07:48,876 [Worker-26: Building workspace] INFO  o.e.m.c.i.embedder.EclipseLogger - skip non existing resourceDirectory C:\Users\Ana Díez\Desktop\Universidad\ISST\ProyectoEclipse-ISST\ISST-21\src\test\resources
2019-04-04 14:11:25,455 [Worker-31: Building workspace] WARN  o.e.m.c.i.embedder.EclipseLogger - Using platform encoding (Cp1252 actually) to copy filtered resources, i.e. build is platform dependent!
2019-04-04 14:11:25,470 [Worker-31: Building workspace] INFO  o.e.m.c.i.embedder.EclipseLogger - skip non existing resourceDirectory C:\Users\Ana Díez\Desktop\Universidad\ISST\ProyectoEclipse-ISST\ISST-21\src\main\resources
2019-04-04 14:11:25,474 [Worker-31: Building workspace] WARN  o.e.m.c.i.embedder.EclipseLogger - Using platform encoding (Cp1252 actually) to copy filtered resources, i.e. build is platform dependent!
2019-04-04 14:11:25,486 [Worker-31: Building workspace] INFO  o.e.m.c.i.embedder.EclipseLogger - skip non existing resourceDirectory C:\Users\Ana Díez\Desktop\Universidad\ISST\ProyectoEclipse-ISST\ISST-21\src\test\resources
2019-04-04 14:13:34,194 [Worker-32: Building workspace] WARN  o.e.m.c.i.embedder.EclipseLogger - Using platform encoding (Cp1252 actually) to copy filtered resources, i.e. build is platform dependent!
2019-04-04 14:13:34,212 [Worker-32: Building workspace] INFO  o.e.m.c.i.embedder.EclipseLogger - skip non existing resourceDirectory C:\Users\Ana Díez\Desktop\Universidad\ISST\ProyectoEclipse-ISST\ISST-21\src\main\resources
2019-04-04 14:13:34,217 [Worker-32: Building workspace] WARN  o.e.m.c.i.embedder.EclipseLogger - Using platform encoding (Cp1252 actually) to copy filtered resources, i.e. build is platform dependent!
2019-04-04 14:13:34,222 [Worker-32: Building workspace] INFO  o.e.m.c.i.embedder.EclipseLogger - skip non existing resourceDirectory C:\Users\Ana Díez\Desktop\Universidad\ISST\ProyectoEclipse-ISST\ISST-21\src\test\resources
2019-04-04 14:17:43,609 [Worker-4: Building workspace] WARN  o.e.m.c.i.embedder.EclipseLogger - Using platform encoding (Cp1252 actually) to copy filtered resources, i.e. build is platform dependent!
2019-04-04 14:17:43,615 [Worker-4: Building workspace] INFO  o.e.m.c.i.embedder.EclipseLogger - skip non existing resourceDirectory C:\Users\Ana Díez\Desktop\Universidad\ISST\ProyectoEclipse-ISST\ISST-21\src\main\resources
2019-04-04 14:17:43,617 [Worker-4: Building workspace] WARN  o.e.m.c.i.embedder.EclipseLogger - Using platform encoding (Cp1252 actually) to copy filtered resources, i.e. build is platform dependent!
2019-04-04 14:17:43,624 [Worker-4: Building workspace] INFO  o.e.m.c.i.embedder.EclipseLogger - skip non existing resourceDirectory C:\Users\Ana Díez\Desktop\Universidad\ISST\ProyectoEclipse-ISST\ISST-21\src\test\resources
2019-04-04 14:25:51,039 [Worker-33: Building workspace] WARN  o.e.m.c.i.embedder.EclipseLogger - Using platform encoding (Cp1252 actually) to copy filtered resources, i.e. build is platform dependent!
2019-04-04 14:25:51,058 [Worker-33: Building workspace] INFO  o.e.m.c.i.embedder.EclipseLogger - skip non existing resourceDirectory C:\Users\Ana Díez\Desktop\Universidad\ISST\ProyectoEclipse-ISST\ISST-21\src\main\resources
2019-04-04 14:25:51,066 [Worker-33: Building workspace] WARN  o.e.m.c.i.embedder.EclipseLogger - Using platform encoding (Cp1252 actually) to copy filtered resources, i.e. build is platform dependent!
2019-04-04 14:25:51,073 [Worker-33: Building workspace] INFO  o.e.m.c.i.embedder.EclipseLogger - skip non existing resourceDirectory C:\Users\Ana Díez\Desktop\Universidad\ISST\ProyectoEclipse-ISST\ISST-21\src\test\resources
2019-04-04 14:36:41,298 [Worker-28: Building workspace] WARN  o.e.m.c.i.embedder.EclipseLogger - Using platform encoding (Cp1252 actually) to copy filtered resources, i.e. build is platform dependent!
2019-04-04 14:36:41,303 [Worker-28: Building workspace] INFO  o.e.m.c.i.embedder.EclipseLogger - skip non existing resourceDirectory C:\Users\Ana Díez\Desktop\Universidad\ISST\ProyectoEclipse-ISST\ISST-21\src\main\resources
2019-04-04 14:36:41,304 [Worker-28: Building workspace] WARN  o.e.m.c.i.embedder.EclipseLogger - Using platform encoding (Cp1252 actually) to copy filtered resources, i.e. build is platform dependent!
2019-04-04 14:36:41,309 [Worker-28: Building workspace] INFO  o.e.m.c.i.embedder.EclipseLogger - skip non existing resourceDirectory C:\Users\Ana Díez\Desktop\Universidad\ISST\ProyectoEclipse-ISST\ISST-21\src\test\resources
2019-04-04 14:37:02,271 [Worker-28: Building workspace] WARN  o.e.m.c.i.embedder.EclipseLogger - Using platform encoding (Cp1252 actually) to copy filtered resources, i.e. build is platform dependent!
2019-04-04 14:37:02,280 [Worker-28: Building workspace] INFO  o.e.m.c.i.embedder.EclipseLogger - skip non existing resourceDirectory C:\Users\Ana Díez\Desktop\Universidad\ISST\ProyectoEclipse-ISST\ISST-21\src\main\resources
2019-04-04 14:37:02,287 [Worker-28: Building workspace] WARN  o.e.m.c.i.embedder.EclipseLogger - Using platform encoding (Cp1252 actually) to copy filtered resources, i.e. build is platform dependent!
2019-04-04 14:37:02,295 [Worker-28: Building workspace] INFO  o.e.m.c.i.embedder.EclipseLogger - skip non existing resourceDirectory C:\Users\Ana Díez\Desktop\Universidad\ISST\ProyectoEclipse-ISST\ISST-21\src\test\resources
2019-04-04 14:40:25,588 [Worker-28: Building workspace] WARN  o.e.m.c.i.embedder.EclipseLogger - Using platform encoding (Cp1252 actually) to copy filtered resources, i.e. build is platform dependent!
2019-04-04 14:40:25,593 [Worker-28: Building workspace] INFO  o.e.m.c.i.embedder.EclipseLogger - skip non existing resourceDirectory C:\Users\Ana Díez\Desktop\Universidad\ISST\ProyectoEclipse-ISST\ISST-21\src\main\resources
2019-04-04 14:40:25,595 [Worker-28: Building workspace] WARN  o.e.m.c.i.embedder.EclipseLogger - Using platform encoding (Cp1252 actually) to copy filtered resources, i.e. build is platform dependent!
2019-04-04 14:40:25,599 [Worker-28: Building workspace] INFO  o.e.m.c.i.embedder.EclipseLogger - skip non existing resourceDirectory C:\Users\Ana Díez\Desktop\Universidad\ISST\ProyectoEclipse-ISST\ISST-21\src\test\resources
2019-04-04 14:41:07,074 [Worker-26: Building workspace] WARN  o.e.m.c.i.embedder.EclipseLogger - Using platform encoding (Cp1252 actually) to copy filtered resources, i.e. build is platform dependent!
2019-04-04 14:41:07,082 [Worker-26: Building workspace] INFO  o.e.m.c.i.embedder.EclipseLogger - skip non existing resourceDirectory C:\Users\Ana Díez\Desktop\Universidad\ISST\ProyectoEclipse-ISST\ISST-21\src\main\resources
2019-04-04 14:41:07,088 [Worker-26: Building workspace] WARN  o.e.m.c.i.embedder.EclipseLogger - Using platform encoding (Cp1252 actually) to copy filtered resources, i.e. build is platform dependent!
2019-04-04 14:41:07,092 [Worker-26: Building workspace] INFO  o.e.m.c.i.embedder.EclipseLogger - skip non existing resourceDirectory C:\Users\Ana Díez\Desktop\Universidad\ISST\ProyectoEclipse-ISST\ISST-21\src\test\resources
2019-04-04 14:42:05,876 [Worker-36: Building workspace] WARN  o.e.m.c.i.embedder.EclipseLogger - Using platform encoding (Cp1252 actually) to copy filtered resources, i.e. build is platform dependent!
2019-04-04 14:42:05,886 [Worker-36: Building workspace] INFO  o.e.m.c.i.embedder.EclipseLogger - skip non existing resourceDirectory C:\Users\Ana Díez\Desktop\Universidad\ISST\ProyectoEclipse-ISST\ISST-21\src\main\resources
2019-04-04 14:42:05,888 [Worker-36: Building workspace] WARN  o.e.m.c.i.embedder.EclipseLogger - Using platform encoding (Cp1252 actually) to copy filtered resources, i.e. build is platform dependent!
2019-04-04 14:42:05,902 [Worker-36: Building workspace] INFO  o.e.m.c.i.embedder.EclipseLogger - skip non existing resourceDirectory C:\Users\Ana Díez\Desktop\Universidad\ISST\ProyectoEclipse-ISST\ISST-21\src\test\resources
2019-04-04 16:14:51,807 [Worker-26: Building workspace] WARN  o.e.m.c.i.embedder.EclipseLogger - Using platform encoding (Cp1252 actually) to copy filtered resources, i.e. build is platform dependent!
2019-04-04 16:14:51,817 [Worker-26: Building workspace] INFO  o.e.m.c.i.embedder.EclipseLogger - skip non existing resourceDirectory C:\Users\Ana Díez\Desktop\Universidad\ISST\ProyectoEclipse-ISST\ISST-21\src\main\resources
2019-04-04 16:14:51,822 [Worker-26: Building workspace] WARN  o.e.m.c.i.embedder.EclipseLogger - Using platform encoding (Cp1252 actually) to copy filtered resources, i.e. build is platform dependent!
2019-04-04 16:14:51,828 [Worker-26: Building workspace] INFO  o.e.m.c.i.embedder.EclipseLogger - skip non existing resourceDirectory C:\Users\Ana Díez\Desktop\Universidad\ISST\ProyectoEclipse-ISST\ISST-21\src\test\resources
2019-04-04 16:15:13,185 [Worker-40: Building workspace] WARN  o.e.m.c.i.embedder.EclipseLogger - Using platform encoding (Cp1252 actually) to copy filtered resources, i.e. build is platform dependent!
2019-04-04 16:15:13,197 [Worker-40: Building workspace] INFO  o.e.m.c.i.embedder.EclipseLogger - skip non existing resourceDirectory C:\Users\Ana Díez\Desktop\Universidad\ISST\ProyectoEclipse-ISST\ISST-21\src\main\resources
2019-04-04 16:15:13,199 [Worker-40: Building workspace] WARN  o.e.m.c.i.embedder.EclipseLogger - Using platform encoding (Cp1252 actually) to copy filtered resources, i.e. build is platform dependent!
2019-04-04 16:15:13,209 [Worker-40: Building workspace] INFO  o.e.m.c.i.embedder.EclipseLogger - skip non existing resourceDirectory C:\Users\Ana Díez\Desktop\Universidad\ISST\ProyectoEclipse-ISST\ISST-21\src\test\resources
2019-04-04 16:15:21,714 [Worker-26: Building workspace] WARN  o.e.m.c.i.embedder.EclipseLogger - Using platform encoding (Cp1252 actually) to copy filtered resources, i.e. build is platform dependent!
2019-04-04 16:15:21,724 [Worker-26: Building workspace] INFO  o.e.m.c.i.embedder.EclipseLogger - skip non existing resourceDirectory C:\Users\Ana Díez\Desktop\Universidad\ISST\ProyectoEclipse-ISST\ISST-21\src\main\resources
2019-04-04 16:15:21,729 [Worker-26: Building workspace] WARN  o.e.m.c.i.embedder.EclipseLogger - Using platform encoding (Cp1252 actually) to copy filtered resources, i.e. build is platform dependent!
2019-04-04 16:15:21,734 [Worker-26: Building workspace] INFO  o.e.m.c.i.embedder.EclipseLogger - skip non existing resourceDirectory C:\Users\Ana Díez\Desktop\Universidad\ISST\ProyectoEclipse-ISST\ISST-21\src\test\resources
2019-04-04 16:15:40,427 [Worker-42: Building workspace] WARN  o.e.m.c.i.embedder.EclipseLogger - Using platform encoding (Cp1252 actually) to copy filtered resources, i.e. build is platform dependent!
2019-04-04 16:15:40,435 [Worker-42: Building workspace] INFO  o.e.m.c.i.embedder.EclipseLogger - skip non existing resourceDirectory C:\Users\Ana Díez\Desktop\Universidad\ISST\ProyectoEclipse-ISST\ISST-21\src\main\resources
2019-04-04 16:15:40,436 [Worker-42: Building workspace] WARN  o.e.m.c.i.embedder.EclipseLogger - Using platform encoding (Cp1252 actually) to copy filtered resources, i.e. build is platform dependent!
2019-04-04 16:15:40,444 [Worker-42: Building workspace] INFO  o.e.m.c.i.embedder.EclipseLogger - skip non existing resourceDirectory C:\Users\Ana Díez\Desktop\Universidad\ISST\ProyectoEclipse-ISST\ISST-21\src\test\resources
2019-04-04 16:16:02,664 [Worker-42: Building workspace] WARN  o.e.m.c.i.embedder.EclipseLogger - Using platform encoding (Cp1252 actually) to copy filtered resources, i.e. build is platform dependent!
2019-04-04 16:16:02,676 [Worker-42: Building workspace] INFO  o.e.m.c.i.embedder.EclipseLogger - skip non existing resourceDirectory C:\Users\Ana Díez\Desktop\Universidad\ISST\ProyectoEclipse-ISST\ISST-21\src\main\resources
2019-04-04 16:16:02,682 [Worker-42: Building workspace] WARN  o.e.m.c.i.embedder.EclipseLogger - Using platform encoding (Cp1252 actually) to copy filtered resources, i.e. build is platform dependent!
2019-04-04 16:16:02,688 [Worker-42: Building workspace] INFO  o.e.m.c.i.embedder.EclipseLogger - skip non existing resourceDirectory C:\Users\Ana Díez\Desktop\Universidad\ISST\ProyectoEclipse-ISST\ISST-21\src\test\resources
2019-04-04 16:17:23,918 [Worker-40: Building workspace] WARN  o.e.m.c.i.embedder.EclipseLogger - Using platform encoding (Cp1252 actually) to copy filtered resources, i.e. build is platform dependent!
2019-04-04 16:17:23,925 [Worker-40: Building workspace] INFO  o.e.m.c.i.embedder.EclipseLogger - skip non existing resourceDirectory C:\Users\Ana Díez\Desktop\Universidad\ISST\ProyectoEclipse-ISST\ISST-21\src\main\resources
2019-04-04 16:17:23,926 [Worker-40: Building workspace] WARN  o.e.m.c.i.embedder.EclipseLogger - Using platform encoding (Cp1252 actually) to copy filtered resources, i.e. build is platform dependent!
2019-04-04 16:17:23,933 [Worker-40: Building workspace] INFO  o.e.m.c.i.embedder.EclipseLogger - skip non existing resourceDirectory C:\Users\Ana Díez\Desktop\Universidad\ISST\ProyectoEclipse-ISST\ISST-21\src\test\resources
2019-04-04 16:23:24,438 [Worker-39: Building workspace] WARN  o.e.m.c.i.embedder.EclipseLogger - Using platform encoding (Cp1252 actually) to copy filtered resources, i.e. build is platform dependent!
2019-04-04 16:23:24,463 [Worker-39: Building workspace] INFO  o.e.m.c.i.embedder.EclipseLogger - skip non existing resourceDirectory C:\Users\Ana Díez\Desktop\Universidad\ISST\ProyectoEclipse-ISST\ISST-21\src\main\resources
2019-04-04 16:23:24,473 [Worker-39: Building workspace] WARN  o.e.m.c.i.embedder.EclipseLogger - Using platform encoding (Cp1252 actually) to copy filtered resources, i.e. build is platform dependent!
2019-04-04 16:23:24,484 [Worker-39: Building workspace] INFO  o.e.m.c.i.embedder.EclipseLogger - skip non existing resourceDirectory C:\Users\Ana Díez\Desktop\Universidad\ISST\ProyectoEclipse-ISST\ISST-21\src\test\resources
2019-04-04 16:27:12,249 [Worker-26: Building workspace] WARN  o.e.m.c.i.embedder.EclipseLogger - Using platform encoding (Cp1252 actually) to copy filtered resources, i.e. build is platform dependent!
2019-04-04 16:27:12,271 [Worker-26: Building workspace] INFO  o.e.m.c.i.embedder.EclipseLogger - skip non existing resourceDirectory C:\Users\Ana Díez\Desktop\Universidad\ISST\ProyectoEclipse-ISST\ISST-21\src\main\resources
2019-04-04 16:27:12,277 [Worker-26: Building workspace] WARN  o.e.m.c.i.embedder.EclipseLogger - Using platform encoding (Cp1252 actually) to copy filtered resources, i.e. build is platform dependent!
2019-04-04 16:27:12,295 [Worker-26: Building workspace] INFO  o.e.m.c.i.embedder.EclipseLogger - skip non existing resourceDirectory C:\Users\Ana Díez\Desktop\Universidad\ISST\ProyectoEclipse-ISST\ISST-21\src\test\resources
2019-04-04 16:38:06,615 [Worker-48: Building workspace] WARN  o.e.m.c.i.embedder.EclipseLogger - Using platform encoding (Cp1252 actually) to copy filtered resources, i.e. build is platform dependent!
2019-04-04 16:38:06,666 [Worker-48: Building workspace] INFO  o.e.m.c.i.embedder.EclipseLogger - skip non existing resourceDirectory C:\Users\Ana Díez\Desktop\Universidad\ISST\ProyectoEclipse-ISST\ISST-21\src\main\resources
2019-04-04 16:38:06,674 [Worker-48: Building workspace] WARN  o.e.m.c.i.embedder.EclipseLogger - Using platform encoding (Cp1252 actually) to copy filtered resources, i.e. build is platform dependent!
2019-04-04 16:38:06,681 [Worker-48: Building workspace] INFO  o.e.m.c.i.embedder.EclipseLogger - skip non existing resourceDirectory C:\Users\Ana Díez\Desktop\Universidad\ISST\ProyectoEclipse-ISST\ISST-21\src\test\resources
2019-04-04 16:44:42,445 [Worker-49: Building workspace] WARN  o.e.m.c.i.embedder.EclipseLogger - Using platform encoding (Cp1252 actually) to copy filtered resources, i.e. build is platform dependent!
2019-04-04 16:44:42,457 [Worker-49: Building workspace] INFO  o.e.m.c.i.embedder.EclipseLogger - skip non existing resourceDirectory C:\Users\Ana Díez\Desktop\Universidad\ISST\ProyectoEclipse-ISST\ISST-21\src\main\resources
2019-04-04 16:44:42,458 [Worker-49: Building workspace] WARN  o.e.m.c.i.embedder.EclipseLogger - Using platform encoding (Cp1252 actually) to copy filtered resources, i.e. build is platform dependent!
2019-04-04 16:44:42,465 [Worker-49: Building workspace] INFO  o.e.m.c.i.embedder.EclipseLogger - skip non existing resourceDirectory C:\Users\Ana Díez\Desktop\Universidad\ISST\ProyectoEclipse-ISST\ISST-21\src\test\resources
2019-04-04 16:49:00,278 [Worker-51: Building workspace] WARN  o.e.m.c.i.embedder.EclipseLogger - Using platform encoding (Cp1252 actually) to copy filtered resources, i.e. build is platform dependent!
2019-04-04 16:49:00,285 [Worker-51: Building workspace] INFO  o.e.m.c.i.embedder.EclipseLogger - skip non existing resourceDirectory C:\Users\Ana Díez\Desktop\Universidad\ISST\ProyectoEclipse-ISST\ISST-21\src\main\resources
2019-04-04 16:49:00,285 [Worker-51: Building workspace] WARN  o.e.m.c.i.embedder.EclipseLogger - Using platform encoding (Cp1252 actually) to copy filtered resources, i.e. build is platform dependent!
2019-04-04 16:49:00,293 [Worker-51: Building workspace] INFO  o.e.m.c.i.embedder.EclipseLogger - skip non existing resourceDirectory C:\Users\Ana Díez\Desktop\Universidad\ISST\ProyectoEclipse-ISST\ISST-21\src\test\resources
2019-04-04 16:54:47,520 [Worker-51: Building workspace] WARN  o.e.m.c.i.embedder.EclipseLogger - Using platform encoding (Cp1252 actually) to copy filtered resources, i.e. build is platform dependent!
2019-04-04 16:54:47,538 [Worker-51: Building workspace] INFO  o.e.m.c.i.embedder.EclipseLogger - skip non existing resourceDirectory C:\Users\Ana Díez\Desktop\Universidad\ISST\ProyectoEclipse-ISST\ISST-21\src\main\resources
2019-04-04 16:54:47,538 [Worker-51: Building workspace] WARN  o.e.m.c.i.embedder.EclipseLogger - Using platform encoding (Cp1252 actually) to copy filtered resources, i.e. build is platform dependent!
2019-04-04 16:54:47,567 [Worker-51: Building workspace] INFO  o.e.m.c.i.embedder.EclipseLogger - skip non existing resourceDirectory C:\Users\Ana Díez\Desktop\Universidad\ISST\ProyectoEclipse-ISST\ISST-21\src\test\resources
2019-04-04 16:55:38,643 [Worker-52: Building workspace] WARN  o.e.m.c.i.embedder.EclipseLogger - Using platform encoding (Cp1252 actually) to copy filtered resources, i.e. build is platform dependent!
2019-04-04 16:55:38,662 [Worker-52: Building workspace] INFO  o.e.m.c.i.embedder.EclipseLogger - skip non existing resourceDirectory C:\Users\Ana Díez\Desktop\Universidad\ISST\ProyectoEclipse-ISST\ISST-21\src\main\resources
2019-04-04 16:55:38,678 [Worker-52: Building workspace] WARN  o.e.m.c.i.embedder.EclipseLogger - Using platform encoding (Cp1252 actually) to copy filtered resources, i.e. build is platform dependent!
2019-04-04 16:55:38,681 [Worker-52: Building workspace] INFO  o.e.m.c.i.embedder.EclipseLogger - skip non existing resourceDirectory C:\Users\Ana Díez\Desktop\Universidad\ISST\ProyectoEclipse-ISST\ISST-21\src\test\resources
2019-04-04 16:59:44,354 [Worker-44: Building workspace] WARN  o.e.m.c.i.embedder.EclipseLogger - Using platform encoding (Cp1252 actually) to copy filtered resources, i.e. build is platform dependent!
2019-04-04 16:59:44,366 [Worker-44: Building workspace] INFO  o.e.m.c.i.embedder.EclipseLogger - skip non existing resourceDirectory C:\Users\Ana Díez\Desktop\Universidad\ISST\ProyectoEclipse-ISST\ISST-21\src\main\resources
2019-04-04 16:59:44,369 [Worker-44: Building workspace] WARN  o.e.m.c.i.embedder.EclipseLogger - Using platform encoding (Cp1252 actually) to copy filtered resources, i.e. build is platform dependent!
2019-04-04 16:59:44,376 [Worker-44: Building workspace] INFO  o.e.m.c.i.embedder.EclipseLogger - skip non existing resourceDirectory C:\Users\Ana Díez\Desktop\Universidad\ISST\ProyectoEclipse-ISST\ISST-21\src\test\resources
2019-04-04 17:00:37,711 [Worker-58: Building workspace] WARN  o.e.m.c.i.embedder.EclipseLogger - Using platform encoding (Cp1252 actually) to copy filtered resources, i.e. build is platform dependent!
2019-04-04 17:00:37,735 [Worker-58: Building workspace] INFO  o.e.m.c.i.embedder.EclipseLogger - skip non existing resourceDirectory C:\Users\Ana Díez\Desktop\Universidad\ISST\ProyectoEclipse-ISST\ISST-21\src\main\resources
2019-04-04 17:00:37,741 [Worker-58: Building workspace] WARN  o.e.m.c.i.embedder.EclipseLogger - Using platform encoding (Cp1252 actually) to copy filtered resources, i.e. build is platform dependent!
2019-04-04 17:00:37,751 [Worker-58: Building workspace] INFO  o.e.m.c.i.embedder.EclipseLogger - skip non existing resourceDirectory C:\Users\Ana Díez\Desktop\Universidad\ISST\ProyectoEclipse-ISST\ISST-21\src\test\resources
2019-04-04 17:01:21,881 [Worker-58: Building workspace] WARN  o.e.m.c.i.embedder.EclipseLogger - Using platform encoding (Cp1252 actually) to copy filtered resources, i.e. build is platform dependent!
2019-04-04 17:01:21,900 [Worker-58: Building workspace] INFO  o.e.m.c.i.embedder.EclipseLogger - skip non existing resourceDirectory C:\Users\Ana Díez\Desktop\Universidad\ISST\ProyectoEclipse-ISST\ISST-21\src\main\resources
2019-04-04 17:01:21,909 [Worker-58: Building workspace] WARN  o.e.m.c.i.embedder.EclipseLogger - Using platform encoding (Cp1252 actually) to copy filtered resources, i.e. build is platform dependent!
2019-04-04 17:01:21,926 [Worker-58: Building workspace] INFO  o.e.m.c.i.embedder.EclipseLogger - skip non existing resourceDirectory C:\Users\Ana Díez\Desktop\Universidad\ISST\ProyectoEclipse-ISST\ISST-21\src\test\resources
2019-04-04 17:02:02,066 [Worker-59: Building workspace] WARN  o.e.m.c.i.embedder.EclipseLogger - Using platform encoding (Cp1252 actually) to copy filtered resources, i.e. build is platform dependent!
2019-04-04 17:02:02,084 [Worker-59: Building workspace] INFO  o.e.m.c.i.embedder.EclipseLogger - skip non existing resourceDirectory C:\Users\Ana Díez\Desktop\Universidad\ISST\ProyectoEclipse-ISST\ISST-21\src\main\resources
2019-04-04 17:02:02,095 [Worker-59: Building workspace] WARN  o.e.m.c.i.embedder.EclipseLogger - Using platform encoding (Cp1252 actually) to copy filtered resources, i.e. build is platform dependent!
2019-04-04 17:02:02,111 [Worker-59: Building workspace] INFO  o.e.m.c.i.embedder.EclipseLogger - skip non existing resourceDirectory C:\Users\Ana Díez\Desktop\Universidad\ISST\ProyectoEclipse-ISST\ISST-21\src\test\resources
2019-04-04 17:04:29,964 [Worker-59: Building workspace] WARN  o.e.m.c.i.embedder.EclipseLogger - Using platform encoding (Cp1252 actually) to copy filtered resources, i.e. build is platform dependent!
2019-04-04 17:04:29,975 [Worker-59: Building workspace] INFO  o.e.m.c.i.embedder.EclipseLogger - skip non existing resourceDirectory C:\Users\Ana Díez\Desktop\Universidad\ISST\ProyectoEclipse-ISST\ISST-21\src\main\resources
2019-04-04 17:04:29,986 [Worker-59: Building workspace] WARN  o.e.m.c.i.embedder.EclipseLogger - Using platform encoding (Cp1252 actually) to copy filtered resources, i.e. build is platform dependent!
2019-04-04 17:04:30,003 [Worker-59: Building workspace] INFO  o.e.m.c.i.embedder.EclipseLogger - skip non existing resourceDirectory C:\Users\Ana Díez\Desktop\Universidad\ISST\ProyectoEclipse-ISST\ISST-21\src\test\resources
2019-04-04 17:09:21,498 [Worker-44: Building workspace] WARN  o.e.m.c.i.embedder.EclipseLogger - Using platform encoding (Cp1252 actually) to copy filtered resources, i.e. build is platform dependent!
2019-04-04 17:09:21,517 [Worker-44: Building workspace] INFO  o.e.m.c.i.embedder.EclipseLogger - skip non existing resourceDirectory C:\Users\Ana Díez\Desktop\Universidad\ISST\ProyectoEclipse-ISST\ISST-21\src\main\resources
2019-04-04 17:09:21,531 [Worker-44: Building workspace] WARN  o.e.m.c.i.embedder.EclipseLogger - Using platform encoding (Cp1252 actually) to copy filtered resources, i.e. build is platform dependent!
2019-04-04 17:09:21,542 [Worker-44: Building workspace] INFO  o.e.m.c.i.embedder.EclipseLogger - skip non existing resourceDirectory C:\Users\Ana Díez\Desktop\Universidad\ISST\ProyectoEclipse-ISST\ISST-21\src\test\resources
2019-04-04 17:10:54,542 [Worker-59: Building workspace] WARN  o.e.m.c.i.embedder.EclipseLogger - Using platform encoding (Cp1252 actually) to copy filtered resources, i.e. build is platform dependent!
2019-04-04 17:10:54,560 [Worker-59: Building workspace] INFO  o.e.m.c.i.embedder.EclipseLogger - skip non existing resourceDirectory C:\Users\Ana Díez\Desktop\Universidad\ISST\ProyectoEclipse-ISST\ISST-21\src\main\resources
2019-04-04 17:10:54,560 [Worker-59: Building workspace] WARN  o.e.m.c.i.embedder.EclipseLogger - Using platform encoding (Cp1252 actually) to copy filtered resources, i.e. build is platform dependent!
2019-04-04 17:10:54,581 [Worker-59: Building workspace] INFO  o.e.m.c.i.embedder.EclipseLogger - skip non existing resourceDirectory C:\Users\Ana Díez\Desktop\Universidad\ISST\ProyectoEclipse-ISST\ISST-21\src\test\resources
2019-04-04 17:13:49,293 [Worker-44: Building workspace] WARN  o.e.m.c.i.embedder.EclipseLogger - Using platform encoding (Cp1252 actually) to copy filtered resources, i.e. build is platform dependent!
2019-04-04 17:13:49,298 [Worker-44: Building workspace] INFO  o.e.m.c.i.embedder.EclipseLogger - skip non existing resourceDirectory C:\Users\Ana Díez\Desktop\Universidad\ISST\ProyectoEclipse-ISST\ISST-21\src\main\resources
2019-04-04 17:13:49,324 [Worker-44: Building workspace] WARN  o.e.m.c.i.embedder.EclipseLogger - Using platform encoding (Cp1252 actually) to copy filtered resources, i.e. build is platform dependent!
2019-04-04 17:13:49,339 [Worker-44: Building workspace] INFO  o.e.m.c.i.embedder.EclipseLogger - skip non existing resourceDirectory C:\Users\Ana Díez\Desktop\Universidad\ISST\ProyectoEclipse-ISST\ISST-21\src\test\resources
2019-04-04 17:14:06,158 [Worker-64: Building workspace] WARN  o.e.m.c.i.embedder.EclipseLogger - Using platform encoding (Cp1252 actually) to copy filtered resources, i.e. build is platform dependent!
2019-04-04 17:14:06,185 [Worker-64: Building workspace] INFO  o.e.m.c.i.embedder.EclipseLogger - skip non existing resourceDirectory C:\Users\Ana Díez\Desktop\Universidad\ISST\ProyectoEclipse-ISST\ISST-21\src\main\resources
2019-04-04 17:14:06,186 [Worker-64: Building workspace] WARN  o.e.m.c.i.embedder.EclipseLogger - Using platform encoding (Cp1252 actually) to copy filtered resources, i.e. build is platform dependent!
2019-04-04 17:14:06,203 [Worker-64: Building workspace] INFO  o.e.m.c.i.embedder.EclipseLogger - skip non existing resourceDirectory C:\Users\Ana Díez\Desktop\Universidad\ISST\ProyectoEclipse-ISST\ISST-21\src\test\resources
2019-04-04 17:16:08,500 [Worker-60: Building workspace] WARN  o.e.m.c.i.embedder.EclipseLogger - Using platform encoding (Cp1252 actually) to copy filtered resources, i.e. build is platform dependent!
2019-04-04 17:16:08,529 [Worker-60: Building workspace] INFO  o.e.m.c.i.embedder.EclipseLogger - skip non existing resourceDirectory C:\Users\Ana Díez\Desktop\Universidad\ISST\ProyectoEclipse-ISST\ISST-21\src\main\resources
2019-04-04 17:16:08,540 [Worker-60: Building workspace] WARN  o.e.m.c.i.embedder.EclipseLogger - Using platform encoding (Cp1252 actually) to copy filtered resources, i.e. build is platform dependent!
2019-04-04 17:16:08,550 [Worker-60: Building workspace] INFO  o.e.m.c.i.embedder.EclipseLogger - skip non existing resourceDirectory C:\Users\Ana Díez\Desktop\Universidad\ISST\ProyectoEclipse-ISST\ISST-21\src\test\resources
2019-04-04 17:16:29,097 [Worker-65: Building workspace] WARN  o.e.m.c.i.embedder.EclipseLogger - Using platform encoding (Cp1252 actually) to copy filtered resources, i.e. build is platform dependent!
2019-04-04 17:16:29,100 [Worker-65: Building workspace] INFO  o.e.m.c.i.embedder.EclipseLogger - skip non existing resourceDirectory C:\Users\Ana Díez\Desktop\Universidad\ISST\ProyectoEclipse-ISST\ISST-21\src\main\resources
2019-04-04 17:16:29,100 [Worker-65: Building workspace] WARN  o.e.m.c.i.embedder.EclipseLogger - Using platform encoding (Cp1252 actually) to copy filtered resources, i.e. build is platform dependent!
2019-04-04 17:16:29,118 [Worker-65: Building workspace] INFO  o.e.m.c.i.embedder.EclipseLogger - skip non existing resourceDirectory C:\Users\Ana Díez\Desktop\Universidad\ISST\ProyectoEclipse-ISST\ISST-21\src\test\resources
2019-04-04 17:17:08,917 [Worker-66: Building workspace] WARN  o.e.m.c.i.embedder.EclipseLogger - Using platform encoding (Cp1252 actually) to copy filtered resources, i.e. build is platform dependent!
2019-04-04 17:17:08,926 [Worker-66: Building workspace] INFO  o.e.m.c.i.embedder.EclipseLogger - skip non existing resourceDirectory C:\Users\Ana Díez\Desktop\Universidad\ISST\ProyectoEclipse-ISST\ISST-21\src\main\resources
2019-04-04 17:17:08,929 [Worker-66: Building workspace] WARN  o.e.m.c.i.embedder.EclipseLogger - Using platform encoding (Cp1252 actually) to copy filtered resources, i.e. build is platform dependent!
2019-04-04 17:17:08,937 [Worker-66: Building workspace] INFO  o.e.m.c.i.embedder.EclipseLogger - skip non existing resourceDirectory C:\Users\Ana Díez\Desktop\Universidad\ISST\ProyectoEclipse-ISST\ISST-21\src\test\resources
2019-04-04 17:17:59,118 [Worker-44: Building workspace] WARN  o.e.m.c.i.embedder.EclipseLogger - Using platform encoding (Cp1252 actually) to copy filtered resources, i.e. build is platform dependent!
2019-04-04 17:17:59,142 [Worker-44: Building workspace] INFO  o.e.m.c.i.embedder.EclipseLogger - skip non existing resourceDirectory C:\Users\Ana Díez\Desktop\Universidad\ISST\ProyectoEclipse-ISST\ISST-21\src\main\resources
2019-04-04 17:17:59,144 [Worker-44: Building workspace] WARN  o.e.m.c.i.embedder.EclipseLogger - Using platform encoding (Cp1252 actually) to copy filtered resources, i.e. build is platform dependent!
2019-04-04 17:17:59,152 [Worker-44: Building workspace] INFO  o.e.m.c.i.embedder.EclipseLogger - skip non existing resourceDirectory C:\Users\Ana Díez\Desktop\Universidad\ISST\ProyectoEclipse-ISST\ISST-21\src\test\resources
2019-04-04 17:20:06,618 [Worker-66: Building workspace] WARN  o.e.m.c.i.embedder.EclipseLogger - Using platform encoding (Cp1252 actually) to copy filtered resources, i.e. build is platform dependent!
2019-04-04 17:20:06,643 [Worker-66: Building workspace] INFO  o.e.m.c.i.embedder.EclipseLogger - skip non existing resourceDirectory C:\Users\Ana Díez\Desktop\Universidad\ISST\ProyectoEclipse-ISST\ISST-21\src\main\resources
2019-04-04 17:20:06,672 [Worker-66: Building workspace] WARN  o.e.m.c.i.embedder.EclipseLogger - Using platform encoding (Cp1252 actually) to copy filtered resources, i.e. build is platform dependent!
2019-04-04 17:20:06,675 [Worker-66: Building workspace] INFO  o.e.m.c.i.embedder.EclipseLogger - skip non existing resourceDirectory C:\Users\Ana Díez\Desktop\Universidad\ISST\ProyectoEclipse-ISST\ISST-21\src\test\resources
2019-04-09 12:04:06,872 [Worker-8: Loading available Gradle versions] INFO  o.e.b.c.i.u.g.PublishedGradleVersions - Gradle version information cache is up-to-date. Trying to read.
2019-04-09 12:04:18,722 [Worker-0: Building workspace] WARN  o.e.m.c.i.embedder.EclipseLogger - Using platform encoding (Cp1252 actually) to copy filtered resources, i.e. build is platform dependent!
2019-04-09 12:04:18,729 [Worker-0: Building workspace] INFO  o.e.m.c.i.embedder.EclipseLogger - skip non existing resourceDirectory C:\Users\Ana Díez\Desktop\Universidad\ISST\ProyectoEclipse-ISST\ISST-21\src\main\resources
2019-04-09 12:04:18,731 [Worker-0: Building workspace] WARN  o.e.m.c.i.embedder.EclipseLogger - Using platform encoding (Cp1252 actually) to copy filtered resources, i.e. build is platform dependent!
2019-04-09 12:04:18,738 [Worker-0: Building workspace] INFO  o.e.m.c.i.embedder.EclipseLogger - skip non existing resourceDirectory C:\Users\Ana Díez\Desktop\Universidad\ISST\ProyectoEclipse-ISST\ISST-21\src\test\resources
